\BOOKMARK [1][-]{section.1}{\376\377\000R\000e\000s\000u\000m\000e\000n\000\040\000E\000x\000t\000e\000n\000d\000i\000d\000o}{}% 1
\BOOKMARK [2][-]{subsection.1.1}{\376\377\000P\000a\000r\000t\000e\000\040\000A\000:\000\040\000C\000i\000n\000e\000m\000\341\000t\000i\000c\000a\000\040\000y\000\040\000M\000\351\000t\000o\000d\000o\000s\000\040\000N\000u\000m\000\351\000r\000i\000c\000o\000s}{section.1}% 2
\BOOKMARK [2][-]{subsection.1.2}{\376\377\000P\000a\000r\000t\000e\000\040\000B\000:\000\040\000A\000n\000\341\000l\000i\000s\000i\000s\000\040\000d\000e\000\040\000B\000i\000f\000u\000r\000c\000a\000c\000i\000\363\000n}{section.1}% 3
\BOOKMARK [2][-]{subsection.1.3}{\376\377\000P\000a\000r\000t\000e\000\040\000C\000:\000\040\000O\000s\000c\000i\000l\000a\000d\000o\000r\000\040\000A\000m\000o\000r\000t\000i\000g\000u\000a\000d\000o\000\040\000y\000\040\000P\000l\000a\000n\000o\000\040\000d\000e\000\040\000F\000a\000s\000e}{section.1}% 4
\BOOKMARK [2][-]{subsection.1.4}{\376\377\000V\000i\000s\000u\000a\000l\000i\000z\000a\000c\000i\000o\000n\000e\000s\000\040\000I\000n\000t\000e\000r\000a\000c\000t\000i\000v\000a\000s\000\040\000e\000n\000\040\000U\000n\000i\000t\000y}{section.1}% 5
\BOOKMARK [1][-]{section.2}{\376\377\000P\000a\000r\000t\000e\000\040\000A\000:\000\040\000C\000i\000n\000e\000m\000\341\000t\000i\000c\000a\000\040\000y\000\040\000M\000\351\000t\000o\000d\000o\000s\000\040\000N\000u\000m\000\351\000r\000i\000c\000o\000s}{}% 6
\BOOKMARK [2][-]{subsection.2.1}{\376\377\000P\000l\000a\000n\000t\000e\000a\000m\000i\000e\000n\000t\000o\000\040\000d\000e\000l\000\040\000P\000r\000o\000b\000l\000e\000m\000a}{section.2}% 7
\BOOKMARK [2][-]{subsection.2.2}{\376\377\000S\000o\000l\000u\000c\000i\000\363\000n\000\040\000A\000n\000a\000l\000\355\000t\000i\000c\000a}{section.2}% 8
\BOOKMARK [2][-]{subsection.2.3}{\376\377\000A\000n\000\341\000l\000i\000s\000i\000s\000\040\000d\000e\000l\000\040\000C\000o\000m\000p\000o\000r\000t\000a\000m\000i\000e\000n\000t\000o}{section.2}% 9
\BOOKMARK [2][-]{subsection.2.4}{\376\377\000V\000i\000s\000u\000a\000l\000i\000z\000a\000c\000i\000o\000n\000e\000s\000\040\000I\000n\000t\000e\000r\000a\000c\000t\000i\000v\000a\000s\000\040\000e\000n\000\040\000U\000n\000i\000t\000y}{section.2}% 10
\BOOKMARK [2][-]{subsection.2.5}{\376\377\000V\000a\000l\000o\000r\000e\000s\000\040\000N\000u\000m\000\351\000r\000i\000c\000o\000s\000\040\000C\000l\000a\000v\000e}{section.2}% 11
\BOOKMARK [2][-]{subsection.2.6}{\376\377\000I\000m\000p\000l\000e\000m\000e\000n\000t\000a\000c\000i\000\363\000n\000\040\000d\000e\000\040\000M\000\351\000t\000o\000d\000o\000s\000\040\000N\000u\000m\000\351\000r\000i\000c\000o\000s}{section.2}% 12
\BOOKMARK [2][-]{subsection.2.7}{\376\377\000C\000o\000m\000p\000a\000r\000a\000c\000i\000\363\000n\000\040\000d\000e\000\040\000M\000\351\000t\000o\000d\000o\000s\000\040\000N\000u\000m\000\351\000r\000i\000c\000o\000s}{section.2}% 13
\BOOKMARK [2][-]{subsection.2.8}{\376\377\000A\000n\000\341\000l\000i\000s\000i\000s\000\040\000d\000e\000\040\000C\000o\000n\000d\000i\000c\000i\000o\000n\000a\000m\000i\000e\000n\000t\000o}{section.2}% 14
\BOOKMARK [2][-]{subsection.2.9}{\376\377\000V\000i\000s\000u\000a\000l\000i\000z\000a\000c\000i\000\363\000n\000\040\000d\000e\000l\000\040\000C\000a\000m\000p\000o\000\040\000d\000e\000\040\000I\000s\000o\000c\000l\000i\000n\000a\000s}{section.2}% 15
\BOOKMARK [1][-]{section.3}{\376\377\000P\000a\000r\000t\000e\000\040\000B\000:\000\040\000B\000i\000f\000u\000r\000c\000a\000c\000i\000\363\000n\000\040\000T\000i\000p\000o\000\040\000H\000o\000r\000q\000u\000i\000l\000l\000a}{}% 16
\BOOKMARK [2][-]{subsection.3.1}{\376\377\000P\000l\000a\000n\000t\000e\000a\000m\000i\000e\000n\000t\000o\000\040\000d\000e\000l\000\040\000P\000r\000o\000b\000l\000e\000m\000a}{section.3}% 17
\BOOKMARK [2][-]{subsection.3.2}{\376\377\000D\000e\000t\000e\000r\000m\000i\000n\000a\000c\000i\000\363\000n\000\040\000d\000e\000\040\000P\000u\000n\000t\000o\000s\000\040\000d\000e\000\040\000E\000q\000u\000i\000l\000i\000b\000r\000i\000o}{section.3}% 18
\BOOKMARK [2][-]{subsection.3.3}{\376\377\000A\000n\000\341\000l\000i\000s\000i\000s\000\040\000d\000e\000\040\000E\000s\000t\000a\000b\000i\000l\000i\000d\000a\000d}{section.3}% 19
\BOOKMARK [3][-]{subsubsection.3.3.1}{\376\377\000L\000i\000n\000e\000a\000l\000i\000z\000a\000c\000i\000\363\000n\000\040\000A\000l\000r\000e\000d\000e\000d\000o\000r\000\040\000d\000e\000\040\000P\000u\000n\000t\000o\000s\000\040\000d\000e\000\040\000E\000q\000u\000i\000l\000i\000b\000r\000i\000o}{subsection.3.3}% 20
\BOOKMARK [2][-]{subsection.3.4}{\376\377\000D\000i\000a\000g\000r\000a\000m\000a\000\040\000d\000e\000\040\000B\000i\000f\000u\000r\000c\000a\000c\000i\000\363\000n}{section.3}% 21
\BOOKMARK [2][-]{subsection.3.5}{\376\377\000R\000e\000t\000r\000a\000t\000o\000\040\000d\000e\000\040\000F\000a\000s\000e\000s}{section.3}% 22
\BOOKMARK [3][-]{subsubsection.3.5.1}{\376\377\000C\000a\000s\000o\000\040\0001\000:\000\040\000r\000\040\000=\000\040\000-\0001\000\040\000\050\000P\000r\000e\000-\000b\000i\000f\000u\000r\000c\000a\000c\000i\000\363\000n\000\051}{subsection.3.5}% 23
\BOOKMARK [3][-]{subsubsection.3.5.2}{\376\377\000C\000a\000s\000o\000\040\0002\000:\000\040\000r\000\040\000=\000\040\0000\000.\0005\000\040\000\050\000P\000o\000s\000t\000-\000b\000i\000f\000u\000r\000c\000a\000c\000i\000\363\000n\000\051}{subsection.3.5}% 24
\BOOKMARK [2][-]{subsection.3.6}{\376\377\000A\000n\000\341\000l\000i\000s\000i\000s\000\040\000N\000o\000\040\000L\000i\000n\000e\000a\000l\000\040\000e\000n\000\040\000r\000\040\000=\000\040\0000}{section.3}% 25
\BOOKMARK [2][-]{subsection.3.7}{\376\377\000I\000n\000t\000e\000r\000p\000r\000e\000t\000a\000c\000i\000\363\000n\000\040\000F\000\355\000s\000i\000c\000a}{section.3}% 26
\BOOKMARK [2][-]{subsection.3.8}{\376\377\000C\000o\000m\000p\000a\000r\000a\000c\000i\000\363\000n\000:\000\040\000C\000a\000m\000p\000o\000\040\000d\000e\000\040\000D\000i\000r\000e\000c\000c\000i\000o\000n\000e\000s\000\040\000p\000a\000r\000a\000\040\000D\000i\000f\000e\000r\000e\000n\000t\000e\000s\000\040\000r}{section.3}% 27
\BOOKMARK [1][-]{section.4}{\376\377\000P\000a\000r\000t\000e\000\040\000C\000:\000\040\000A\000n\000\341\000l\000i\000s\000i\000s\000\040\000d\000e\000\040\000E\000s\000t\000a\000b\000i\000l\000i\000d\000a\000d\000\040\000y\000\040\000P\000l\000a\000n\000o\000\040\000d\000e\000\040\000F\000a\000s\000e}{}% 28
\BOOKMARK [2][-]{subsection.4.1}{\376\377\000P\000a\000r\000\341\000m\000e\000t\000r\000o\000s\000\040\000d\000e\000l\000\040\000S\000i\000s\000t\000e\000m\000a}{section.4}% 29
\BOOKMARK [2][-]{subsection.4.2}{\376\377\000A\000n\000\341\000l\000i\000s\000i\000s\000\040\000d\000e\000\040\000P\000u\000n\000t\000o\000s\000\040\000d\000e\000\040\000E\000q\000u\000i\000l\000i\000b\000r\000i\000o}{section.4}% 30
\BOOKMARK [3][-]{subsubsection.4.2.1}{\376\377\000D\000e\000t\000e\000r\000m\000i\000n\000a\000c\000i\000\363\000n\000\040\000d\000e\000\040\000P\000u\000n\000t\000o\000s\000\040\000C\000r\000\355\000t\000i\000c\000o\000s}{subsection.4.2}% 31
\BOOKMARK [2][-]{subsection.4.3}{\376\377\000A\000n\000\341\000l\000i\000s\000i\000s\000\040\000d\000e\000\040\000E\000s\000t\000a\000b\000i\000l\000i\000d\000a\000d\000\040\000L\000i\000n\000e\000a\000l}{section.4}% 32
\BOOKMARK [3][-]{subsubsection.4.3.1}{\376\377\000L\000i\000n\000e\000a\000r\000i\000z\000a\000c\000i\000\363\000n\000\040\000d\000e\000l\000\040\000S\000i\000s\000t\000e\000m\000a}{subsection.4.3}% 33
\BOOKMARK [3][-]{subsubsection.4.3.2}{\376\377\000C\000\341\000l\000c\000u\000l\000o\000\040\000d\000e\000\040\000V\000a\000l\000o\000r\000e\000s\000\040\000P\000r\000o\000p\000i\000o\000s}{subsection.4.3}% 34
\BOOKMARK [3][-]{subsubsection.4.3.3}{\376\377\000I\000n\000t\000e\000r\000p\000r\000e\000t\000a\000c\000i\000\363\000n\000\040\000d\000e\000\040\000l\000o\000s\000\040\000V\000a\000l\000o\000r\000e\000s\000\040\000P\000r\000o\000p\000i\000o\000s}{subsection.4.3}% 35
\BOOKMARK [2][-]{subsection.4.4}{\376\377\000C\000l\000a\000s\000i\000f\000i\000c\000a\000c\000i\000\363\000n\000\040\000d\000e\000\040\000l\000a\000\040\000E\000s\000t\000a\000b\000i\000l\000i\000d\000a\000d}{section.4}% 36
\BOOKMARK [3][-]{subsubsection.4.4.1}{\376\377\000F\000u\000n\000d\000a\000m\000e\000n\000t\000o\000\040\000T\000e\000\363\000r\000i\000c\000o}{subsection.4.4}% 37
\BOOKMARK [3][-]{subsubsection.4.4.2}{\376\377\000A\000n\000\341\000l\000i\000s\000i\000s\000\040\000p\000o\000r\000\040\000D\000i\000s\000c\000r\000i\000m\000i\000n\000a\000n\000t\000e}{subsection.4.4}% 38
\BOOKMARK [2][-]{subsection.4.5}{\376\377\000T\000e\000o\000r\000e\000m\000a\000\040\000d\000e\000\040\000E\000s\000t\000a\000b\000i\000l\000i\000d\000a\000d\000\040\000d\000e\000\040\000L\000y\000a\000p\000u\000n\000o\000v}{section.4}% 39
\BOOKMARK [3][-]{subsubsection.4.5.1}{\376\377\000C\000r\000i\000t\000e\000r\000i\000o\000\040\000F\000u\000n\000d\000a\000m\000e\000n\000t\000a\000l}{subsection.4.5}% 40
\BOOKMARK [3][-]{subsubsection.4.5.2}{\376\377\000V\000e\000r\000i\000f\000i\000c\000a\000c\000i\000\363\000n\000\040\000d\000e\000l\000\040\000S\000i\000s\000t\000e\000m\000a}{subsection.4.5}% 41
\BOOKMARK [3][-]{subsubsection.4.5.3}{\376\377\000C\000o\000n\000c\000l\000u\000s\000i\000\363\000n}{subsection.4.5}% 42
\BOOKMARK [2][-]{subsection.4.6}{\376\377\000P\000l\000a\000n\000o\000\040\000d\000e\000\040\000F\000a\000s\000e}{section.4}% 43
\BOOKMARK [3][-]{subsubsection.4.6.1}{\376\377\000E\000s\000p\000a\000c\000i\000o\000\040\000d\000e\000\040\000E\000s\000t\000a\000d\000o\000s}{subsection.4.6}% 44
\BOOKMARK [3][-]{subsubsection.4.6.2}{\376\377\000C\000a\000m\000p\000o\000\040\000V\000e\000c\000t\000o\000r\000i\000a\000l}{subsection.4.6}% 45
\BOOKMARK [3][-]{subsubsection.4.6.3}{\376\377\000I\000s\000o\000c\000l\000i\000n\000a\000s\000\040\000C\000r\000\355\000t\000i\000c\000a\000s}{subsection.4.6}% 46
\BOOKMARK [2][-]{subsection.4.7}{\376\377\000V\000i\000s\000u\000a\000l\000i\000z\000a\000c\000i\000\363\000n\000\040\000d\000e\000l\000\040\000P\000l\000a\000n\000o\000\040\000d\000e\000\040\000F\000a\000s\000e\000\040\000p\000a\000r\000a\000\040\000l\000o\000s\000\040\000T\000r\000e\000s\000\040\000C\000a\000s\000o\000s\000\040\000d\000e\000\040\000A\000m\000o\000r\000t\000i\000g\000u\000a\000m\000i\000e\000n\000t\000o}{section.4}% 47
\BOOKMARK [3][-]{subsubsection.4.7.1}{\376\377\000C\000a\000s\000o\000\040\0001\000:\000\040\000S\000i\000s\000t\000e\000m\000a\000\040\000S\000o\000b\000r\000e\000-\000a\000m\000o\000r\000t\000i\000g\000u\000a\000d\000o\000\040\000\050\000>\000\040\0000\000\051}{subsection.4.7}% 48
\BOOKMARK [3][-]{subsubsection.4.7.2}{\376\377\000C\000a\000s\000o\000\040\0002\000:\000\040\000S\000i\000s\000t\000e\000m\000a\000\040\000C\000r\000\355\000t\000i\000c\000a\000m\000e\000n\000t\000e\000\040\000A\000m\000o\000r\000t\000i\000g\000u\000a\000d\000o\000\040\000\050\000=\000\040\0000\000\051}{subsection.4.7}% 49
\BOOKMARK [3][-]{subsubsection.4.7.3}{\376\377\000C\000a\000s\000o\000\040\0003\000:\000\040\000S\000i\000s\000t\000e\000m\000a\000\040\000S\000u\000b\000-\000a\000m\000o\000r\000t\000i\000g\000u\000a\000d\000o\000\040\000\050\000<\000\040\0000\000\051}{subsection.4.7}% 50
\BOOKMARK [2][-]{subsection.4.8}{\376\377\000C\000o\000m\000p\000a\000r\000a\000c\000i\000\363\000n\000\040\000d\000e\000\040\000l\000o\000s\000\040\000T\000r\000e\000s\000\040\000C\000a\000s\000o\000s}{section.4}% 51
\BOOKMARK [2][-]{subsection.4.9}{\376\377\000I\000m\000p\000l\000i\000c\000a\000c\000i\000o\000n\000e\000s\000\040\000P\000r\000\341\000c\000t\000i\000c\000a\000s}{section.4}% 52
\BOOKMARK [2][-]{subsection.4.10}{\376\377\000C\000o\000n\000c\000l\000u\000s\000i\000\363\000n\000\040\000d\000e\000l\000\040\000A\000n\000\341\000l\000i\000s\000i\000s\000\040\000d\000e\000\040\000E\000s\000t\000a\000b\000i\000l\000i\000d\000a\000d}{section.4}% 53
